# JRE version: OpenJDK Runtime Environment (19.0+36) (build 19+36-2238)
# Java VM: OpenJDK 64-Bit Server VM (19+36-2238, mixed mode, sharing, tiered, compressed oops, compressed class ptrs, g1 gc, windows-amd64)
GC Precious Log:
 CardTable entry size: 512
 Card Set container configuration: InlinePtr #cards 5 size 8 Array Of Cards #cards 12 size 40 Howl #buckets 4 coarsen threshold 1843 Howl Bitmap #cards 512 size 80 coarsen threshold 460 Card regions per heap region 1 cards per card region 2048
 CPUs: 8 total, 8 available
 Memory: 8079M
 Large Page Support: Disabled
 NUMA Support: Disabled
 Compressed Oops: Enabled (32-bit)
 Heap Region Size: 1M
 Heap Min Capacity: 8M
 Heap Initial Capacity: 128M
 Heap Max Capacity: 2020M
 Pre-touch: Disabled
 Parallel Workers: 8
 Concurrent Workers: 2
 Concurrent Refinement Workers: 8
 Periodic GC: Disabled
Heap:
 garbage-first heap   total 77824K, used 38549K [0x0000000081c00000, 0x0000000100000000)
  region size 1024K, 9 young (9216K), 4 survivors (4096K)
 Metaspace       used 82825K, committed 83520K, reserved 1179648K
  class space    used 10754K, committed 11072K, reserved 1048576K
GC Heap History (20 events):
Event: 3.968 GC heap before
{Heap before GC invocations=7 (full 0):
 garbage-first heap   total 55296K, used 38156K [0x0000000081c00000, 0x0000000100000000)
  region size 1024K, 23 young (23552K), 3 survivors (3072K)
 Metaspace       used 34059K, committed 34432K, reserved 1114112K
  class space    used 4293K, committed 4480K, reserved 1048576K
}
Event: 3.974 GC heap after
{Heap after GC invocations=8 (full 0):
 garbage-first heap   total 55296K, used 20300K [0x0000000081c00000, 0x0000000100000000)
  region size 1024K, 2 young (2048K), 2 survivors (2048K)
 Metaspace       used 34059K, committed 34432K, reserved 1114112K
  class space    used 4293K, committed 4480K, reserved 1048576K
}
Event: 4.125 GC heap before
{Heap before GC invocations=8 (full 0):
 garbage-first heap   total 55296K, used 26444K [0x0000000081c00000, 0x0000000100000000)
  region size 1024K, 9 young (9216K), 2 survivors (2048K)
 Metaspace       used 35532K, committed 35968K, reserved 1114112K
  class space    used 4482K, committed 4672K, reserved 1048576K
}
Event: 4.128 GC heap after
{Heap after GC invocations=9 (full 0):
 garbage-first heap   total 77824K, used 20635K [0x0000000081c00000, 0x0000000100000000)
  region size 1024K, 2 young (2048K), 2 survivors (2048K)
 Metaspace       used 35532K, committed 35968K, reserved 1114112K
  class space    used 4482K, committed 4672K, reserved 1048576K
}
Event: 5.042 GC heap before
{Heap before GC invocations=10 (full 0):
 garbage-first heap   total 77824K, used 57499K [0x0000000081c00000, 0x0000000100000000)
  region size 1024K, 38 young (38912K), 2 survivors (2048K)
 Metaspace       used 44601K, committed 45120K, reserved 1114112K
  class space    used 5770K, committed 6016K, reserved 1048576K
}
Event: 5.046 GC heap after
{Heap after GC invocations=11 (full 0):
 garbage-first heap   total 77824K, used 23055K [0x0000000081c00000, 0x0000000100000000)
  region size 1024K, 5 young (5120K), 5 survivors (5120K)
 Metaspace       used 44601K, committed 45120K, reserved 1114112K
  class space    used 5770K, committed 6016K, reserved 1048576K
}
Event: 5.083 GC heap before
{Heap before GC invocations=11 (full 0):
 garbage-first heap   total 77824K, used 24079K [0x0000000081c00000, 0x0000000100000000)
  region size 1024K, 6 young (6144K), 5 survivors (5120K)
 Metaspace       used 44864K, committed 45376K, reserved 1114112K
  class space    used 5805K, committed 6016K, reserved 1048576K
}
Event: 5.088 GC heap after
{Heap after GC invocations=12 (full 0):
 garbage-first heap   total 77824K, used 22765K [0x0000000081c00000, 0x0000000100000000)
  region size 1024K, 1 young (1024K), 1 survivors (1024K)
 Metaspace       used 44864K, committed 45376K, reserved 1114112K
  class space    used 5805K, committed 6016K, reserved 1048576K
}
Event: 5.995 GC heap before
{Heap before GC invocations=12 (full 0):
 garbage-first heap   total 77824K, used 57581K [0x0000000081c00000, 0x0000000100000000)
  region size 1024K, 36 young (36864K), 1 survivors (1024K)
 Metaspace       used 58126K, committed 58624K, reserved 1114112K
  class space    used 7501K, committed 7744K, reserved 1048576K
}
Event: 5.998 GC heap after
{Heap after GC invocations=13 (full 0):
 garbage-first heap   total 77824K, used 25158K [0x0000000081c00000, 0x0000000100000000)
  region size 1024K, 3 young (3072K), 3 survivors (3072K)
 Metaspace       used 58126K, committed 58624K, reserved 1114112K
  class space    used 7501K, committed 7744K, reserved 1048576K
}
Event: 6.104 GC heap before
{Heap before GC invocations=13 (full 0):
 garbage-first heap   total 77824K, used 29254K [0x0000000081c00000, 0x0000000100000000)
  region size 1024K, 8 young (8192K), 3 survivors (3072K)
 Metaspace       used 59797K, committed 60288K, reserved 1114112K
  class space    used 7728K, committed 7936K, reserved 1048576K
}
Event: 6.108 GC heap after
{Heap after GC invocations=14 (full 0):
 garbage-first heap   total 77824K, used 25485K [0x0000000081c00000, 0x0000000100000000)
  region size 1024K, 1 young (1024K), 1 survivors (1024K)
 Metaspace       used 59797K, committed 60288K, reserved 1114112K
  class space    used 7728K, committed 7936K, reserved 1048576K
}
Event: 6.725 GC heap before
{Heap before GC invocations=15 (full 0):
 garbage-first heap   total 77824K, used 60301K [0x0000000081c00000, 0x0000000100000000)
  region size 1024K, 35 young (35840K), 1 survivors (1024K)
 Metaspace       used 66781K, committed 67328K, reserved 1114112K
  class space    used 8775K, committed 9024K, reserved 1048576K
}
Event: 6.728 GC heap after
{Heap after GC invocations=16 (full 0):
 garbage-first heap   total 77824K, used 27359K [0x0000000081c00000, 0x0000000100000000)
  region size 1024K, 3 young (3072K), 3 survivors (3072K)
 Metaspace       used 66781K, committed 67328K, reserved 1114112K
  class space    used 8775K, committed 9024K, reserved 1048576K
}
Event: 7.446 GC heap before
{Heap before GC invocations=16 (full 0):
 garbage-first heap   total 77824K, used 60127K [0x0000000081c00000, 0x0000000100000000)
  region size 1024K, 35 young (35840K), 3 survivors (3072K)
 Metaspace       used 70983K, committed 71680K, reserved 1114112K
  class space    used 9324K, committed 9664K, reserved 1048576K
}
Event: 7.451 GC heap after
{Heap after GC invocations=17 (full 0):
 garbage-first heap   total 77824K, used 29980K [0x0000000081c00000, 0x0000000100000000)
  region size 1024K, 5 young (5120K), 5 survivors (5120K)
 Metaspace       used 70983K, committed 71680K, reserved 1114112K
  class space    used 9324K, committed 9664K, reserved 1048576K
}
Event: 181.998 GC heap before
{Heap before GC invocations=17 (full 0):
 garbage-first heap   total 77824K, used 60700K [0x0000000081c00000, 0x0000000100000000)
  region size 1024K, 36 young (36864K), 5 survivors (5120K)
 Metaspace       used 76126K, committed 76864K, reserved 1179648K
  class space    used 9968K, committed 10304K, reserved 1048576K
}
Event: 182.005 GC heap after
{Heap after GC invocations=18 (full 0):
 garbage-first heap   total 77824K, used 32032K [0x0000000081c00000, 0x0000000100000000)
  region size 1024K, 3 young (3072K), 3 survivors (3072K)
 Metaspace       used 76126K, committed 76864K, reserved 1179648K
  class space    used 9968K, committed 10304K, reserved 1048576K
}
Event: 411.650 GC heap before
{Heap before GC invocations=18 (full 0):
 garbage-first heap   total 77824K, used 60704K [0x0000000081c00000, 0x0000000100000000)
  region size 1024K, 32 young (32768K), 3 survivors (3072K)
 Metaspace       used 82811K, committed 83520K, reserved 1179648K
  class space    used 10754K, committed 11072K, reserved 1048576K
}
Event: 411.659 GC heap after
{Heap after GC invocations=19 (full 0):
 garbage-first heap   total 77824K, used 34453K [0x0000000081c00000, 0x0000000100000000)
  region size 1024K, 4 young (4096K), 4 survivors (4096K)
 Metaspace       used 82811K, committed 83520K, reserved 1179648K
  class space    used 10754K, committed 11072K, reserved 1048576K
}

