# JRE version: OpenJDK Runtime Environment (19.0+36) (build 19+36-2238)
# Java VM: OpenJDK 64-Bit Server VM (19+36-2238, mixed mode, sharing, tiered, compressed oops, compressed class ptrs, g1 gc, windows-amd64)
GC Precious Log:
 CardTable entry size: 512
 Card Set container configuration: InlinePtr #cards 5 size 8 Array Of Cards #cards 12 size 40 Howl #buckets 4 coarsen threshold 1843 Howl Bitmap #cards 512 size 80 coarsen threshold 460 Card regions per heap region 1 cards per card region 2048
 CPUs: 8 total, 8 available
 Memory: 8079M
 Large Page Support: Disabled
 NUMA Support: Disabled
 Compressed Oops: Enabled (32-bit)
 Heap Region Size: 1M
 Heap Min Capacity: 8M
 Heap Initial Capacity: 128M
 Heap Max Capacity: 2020M
 Pre-touch: Disabled
 Parallel Workers: 8
 Concurrent Workers: 2
 Concurrent Refinement Workers: 8
 Periodic GC: Disabled
Heap:
 garbage-first heap   total 66560K, used 39331K [0x0000000081c00000, 0x0000000100000000)
  region size 1024K, 10 young (10240K), 2 survivors (2048K)
 Metaspace       used 77550K, committed 78208K, reserved 1179648K
  class space    used 10133K, committed 10432K, reserved 1048576K
GC Heap History (20 events):
Event: 6.161 GC heap before
{Heap before GC invocations=10 (full 0):
 garbage-first heap   total 55296K, used 41376K [0x0000000081c00000, 0x0000000100000000)
  region size 1024K, 23 young (23552K), 2 survivors (2048K)
 Metaspace       used 44395K, committed 44928K, reserved 1114112K
  class space    used 5664K, committed 5888K, reserved 1048576K
}
Event: 6.165 GC heap after
{Heap after GC invocations=11 (full 0):
 garbage-first heap   total 55296K, used 22053K [0x0000000081c00000, 0x0000000100000000)
  region size 1024K, 3 young (3072K), 3 survivors (3072K)
 Metaspace       used 44395K, committed 44928K, reserved 1114112K
  class space    used 5664K, committed 5888K, reserved 1048576K
}
Event: 6.227 GC heap before
{Heap before GC invocations=11 (full 0):
 garbage-first heap   total 55296K, used 23077K [0x0000000081c00000, 0x0000000100000000)
  region size 1024K, 4 young (4096K), 3 survivors (3072K)
 Metaspace       used 45329K, committed 45824K, reserved 1114112K
  class space    used 5767K, committed 6016K, reserved 1048576K
}
Event: 6.230 GC heap after
{Heap after GC invocations=12 (full 0):
 garbage-first heap   total 55296K, used 22202K [0x0000000081c00000, 0x0000000100000000)
  region size 1024K, 1 young (1024K), 1 survivors (1024K)
 Metaspace       used 45329K, committed 45824K, reserved 1114112K
  class space    used 5767K, committed 6016K, reserved 1048576K
}
Event: 6.674 GC heap before
{Heap before GC invocations=12 (full 0):
 garbage-first heap   total 55296K, used 40634K [0x0000000081c00000, 0x0000000100000000)
  region size 1024K, 20 young (20480K), 1 survivors (1024K)
 Metaspace       used 50057K, committed 50560K, reserved 1114112K
  class space    used 6367K, committed 6592K, reserved 1048576K
}
Event: 6.676 GC heap after
{Heap after GC invocations=13 (full 0):
 garbage-first heap   total 55296K, used 23025K [0x0000000081c00000, 0x0000000100000000)
  region size 1024K, 2 young (2048K), 2 survivors (2048K)
 Metaspace       used 50057K, committed 50560K, reserved 1114112K
  class space    used 6367K, committed 6592K, reserved 1048576K
}
Event: 7.137 GC heap before
{Heap before GC invocations=13 (full 0):
 garbage-first heap   total 55296K, used 40433K [0x0000000081c00000, 0x0000000100000000)
  region size 1024K, 20 young (20480K), 2 survivors (2048K)
 Metaspace       used 56228K, committed 56768K, reserved 1114112K
  class space    used 7277K, committed 7552K, reserved 1048576K
}
Event: 7.141 GC heap after
{Heap after GC invocations=14 (full 0):
 garbage-first heap   total 55296K, used 24016K [0x0000000081c00000, 0x0000000100000000)
  region size 1024K, 3 young (3072K), 3 survivors (3072K)
 Metaspace       used 56228K, committed 56768K, reserved 1114112K
  class space    used 7277K, committed 7552K, reserved 1048576K
}
Event: 7.393 GC heap before
{Heap before GC invocations=14 (full 0):
 garbage-first heap   total 55296K, used 35280K [0x0000000081c00000, 0x0000000100000000)
  region size 1024K, 16 young (16384K), 3 survivors (3072K)
 Metaspace       used 59927K, committed 60480K, reserved 1114112K
  class space    used 7841K, committed 8128K, reserved 1048576K
}
Event: 7.396 GC heap after
{Heap after GC invocations=15 (full 0):
 garbage-first heap   total 55296K, used 24689K [0x0000000081c00000, 0x0000000100000000)
  region size 1024K, 2 young (2048K), 2 survivors (2048K)
 Metaspace       used 59927K, committed 60480K, reserved 1114112K
  class space    used 7841K, committed 8128K, reserved 1048576K
}
Event: 7.763 GC heap before
{Heap before GC invocations=16 (full 0):
 garbage-first heap   total 55296K, used 43121K [0x0000000081c00000, 0x0000000100000000)
  region size 1024K, 20 young (20480K), 2 survivors (2048K)
 Metaspace       used 62999K, committed 63552K, reserved 1114112K
  class space    used 8263K, committed 8512K, reserved 1048576K
}
Event: 7.766 GC heap after
{Heap after GC invocations=17 (full 0):
 garbage-first heap   total 55296K, used 26242K [0x0000000081c00000, 0x0000000100000000)
  region size 1024K, 3 young (3072K), 3 survivors (3072K)
 Metaspace       used 62999K, committed 63552K, reserved 1114112K
  class space    used 8263K, committed 8512K, reserved 1048576K
}
Event: 8.361 GC heap before
{Heap before GC invocations=17 (full 0):
 garbage-first heap   total 55296K, used 43650K [0x0000000081c00000, 0x0000000100000000)
  region size 1024K, 20 young (20480K), 3 survivors (3072K)
 Metaspace       used 65776K, committed 66368K, reserved 1114112K
  class space    used 8636K, committed 8896K, reserved 1048576K
}
Event: 8.369 GC heap after
{Heap after GC invocations=18 (full 0):
 garbage-first heap   total 66560K, used 28261K [0x0000000081c00000, 0x0000000100000000)
  region size 1024K, 2 young (2048K), 2 survivors (2048K)
 Metaspace       used 65776K, committed 66368K, reserved 1114112K
  class space    used 8636K, committed 8896K, reserved 1048576K
}
Event: 9.341 GC heap before
{Heap before GC invocations=18 (full 0):
 garbage-first heap   total 66560K, used 52837K [0x0000000081c00000, 0x0000000100000000)
  region size 1024K, 26 young (26624K), 2 survivors (2048K)
 Metaspace       used 70907K, committed 71552K, reserved 1114112K
  class space    used 9290K, committed 9600K, reserved 1048576K
}
Event: 9.348 GC heap after
{Heap after GC invocations=19 (full 0):
 garbage-first heap   total 66560K, used 30586K [0x0000000081c00000, 0x0000000100000000)
  region size 1024K, 4 young (4096K), 4 survivors (4096K)
 Metaspace       used 70907K, committed 71552K, reserved 1114112K
  class space    used 9290K, committed 9600K, reserved 1048576K
}
Event: 720.771 GC heap before
{Heap before GC invocations=19 (full 0):
 garbage-first heap   total 66560K, used 52090K [0x0000000081c00000, 0x0000000100000000)
  region size 1024K, 26 young (26624K), 4 survivors (4096K)
 Metaspace       used 75596K, committed 76224K, reserved 1179648K
  class space    used 9899K, committed 10176K, reserved 1048576K
}
Event: 720.814 GC heap after
{Heap after GC invocations=20 (full 0):
 garbage-first heap   total 66560K, used 31609K [0x0000000081c00000, 0x0000000100000000)
  region size 1024K, 2 young (2048K), 2 survivors (2048K)
 Metaspace       used 75596K, committed 76224K, reserved 1179648K
  class space    used 9899K, committed 10176K, reserved 1048576K
}
Event: 1784.906 GC heap before
{Heap before GC invocations=20 (full 0):
 garbage-first heap   total 66560K, used 52089K [0x0000000081c00000, 0x0000000100000000)
  region size 1024K, 23 young (23552K), 2 survivors (2048K)
 Metaspace       used 77519K, committed 78208K, reserved 1179648K
  class space    used 10133K, committed 10432K, reserved 1048576K
}
Event: 1784.915 GC heap after
{Heap after GC invocations=21 (full 0):
 garbage-first heap   total 66560K, used 32163K [0x0000000081c00000, 0x0000000100000000)
  region size 1024K, 2 young (2048K), 2 survivors (2048K)
 Metaspace       used 77519K, committed 78208K, reserved 1179648K
  class space    used 10133K, committed 10432K, reserved 1048576K
}

